[2017-12-08T19:34:54.422Z][Wistler][info]: [This log message is part of logger config tests for INFO ..][object Object]
[2017-12-08T19:34:54.423Z][Wistler][error]: [This log message is part of logger config tests for ERROR ..]undefined
[2017-12-08T19:34:54.434Z][Wistler][info]: [ORMObject]Drop operation execution started on ORM Object: user
[2017-12-08T19:34:54.440Z][Wistler][info]: [ORMObject]Drop operation execution started on ORM Object: user
[2017-12-08T19:34:54.440Z][Wistler][info]: [ORMObject]Create operation execution started on ORM Object: user with data: {"name":"testName"}
[2017-12-08T19:34:54.462Z][Wistler][info]: [ORMObject]Delete operation execution started on ORM Object: user with id: 5a2ae95e75fe4251ad981f15
[2017-12-08T19:34:54.471Z][Wistler][info]: [ORMObject]Drop operation execution started on ORM Object: user
[2017-12-08T19:34:54.471Z][Wistler][info]: [ORMObject]Create operation execution started on ORM Object: user with data: {"name":"testName","value":"Ross"}
[2017-12-08T19:34:54.474Z][Wistler][info]: [ORMObject]Update operation execution started on ORM Object: user with data: {"name":"updateTestName"}
[2017-12-08T19:34:54.481Z][Wistler][info]: [ORMObject]Drop operation execution started on ORM Object: user
[2017-12-08T19:34:54.481Z][Wistler][info]: [ORMObject]Create operation execution started on ORM Object: user with data: {"name":"testName11"}
[2017-12-08T19:34:54.482Z][Wistler][info]: [ORMObject]Create operation execution started on ORM Object: user with data: {"name":"testName21"}
[2017-12-08T19:34:54.483Z][Wistler][info]: [ORMObject]Read operation execution started on ORM Object: user with data: {"name":"testName21"}
[2017-12-08T19:34:54.489Z][Wistler][info]: [ORMObject]Read operation execution started on ORM Object: user with data: {}
[2017-12-08T19:34:54.491Z][Wistler][info]: [ORMObject]Delete operation execution started on ORM Object: user with id: 5a2ae95e75fe4251ad981f17
[2017-12-08T19:34:54.493Z][Wistler][info]: [ORMObject]Create operation execution started on ORM Object: user with data: {"name":"testName","version":"Ross"}
[2017-12-08T19:34:54.494Z][Wistler][info]: [ORMObject]Update operation execution started on ORM Object: user with data: {"name":"updateTestName"}
[2017-12-08T19:34:54.499Z][Wistler][info]: [ORMObject]Create operation execution started on ORM Object: user with data: {"name":"testName"}
[2017-12-08T19:34:54.500Z][Wistler][info]: [ORMObject]Create operation execution started on ORM Object: post with data: {"message":"testMessage","user":"5a2ae95e75fe4251ad981f1a"}
[2017-12-08T19:34:54.504Z][Wistler][info]: [ORMObject]Delete operation execution started on ORM Object: post with id: 5a2ae95e75fe4251ad981f1b
[2017-12-08T19:34:54.505Z][Wistler][info]: [ORMObject]Create operation execution started on ORM Object: user with data: {"name":"testName"}
[2017-12-08T19:34:54.506Z][Wistler][info]: [ORMObject]Create operation execution started on ORM Object: post with data: {"message":"testMessage","user":"5a2ae95e75fe4251ad981f1c"}
[2017-12-08T19:34:54.507Z][Wistler][info]: [ORMObject]Read operation execution started on ORM Object: post with data: {"user":"5a2ae95e75fe4251ad981f1c"}
[2017-12-08T19:34:54.509Z][Wistler][info]: [ORMObject]Create operation execution started on ORM Object: user with data: {"name":"testName"}
[2017-12-08T19:34:54.509Z][Wistler][info]: [ORMObject]Create operation execution started on ORM Object: post with data: {"message":"testMessage","user":"5a2ae95e75fe4251ad981f1e"}
[2017-12-08T19:34:54.510Z][Wistler][info]: [ORMObject]Create operation execution started on ORM Object: comment with data: {"message":"testComment","user":"5a2ae95e75fe4251ad981f1e"}
[2017-12-08T19:34:54.514Z][Wistler][info]: [ORMObject]Save operation execution started on ORM Object: post
[2017-12-08T19:34:54.517Z][Wistler][info]: [ORMObject]Read operation execution started on ORM Object: post with data: {"user":"5a2ae95e75fe4251ad981f1e"}
[2017-12-08T19:34:54.523Z][Wistler][info]: [ORMObject]Create operation execution started on ORM Object: user with data: {"name":"testName"}
[2017-12-08T19:34:54.524Z][Wistler][info]: [ORMObject]Create operation execution started on ORM Object: post with data: {"message":"testMessage","user":"5a2ae95e75fe4251ad981f21"}
[2017-12-08T19:34:54.525Z][Wistler][info]: [ORMObject]Create operation execution started on ORM Object: comment with data: {"message":"testComment","user":"5a2ae95e75fe4251ad981f21"}
[2017-12-08T19:34:54.526Z][Wistler][info]: [ORMObject]Save operation execution started on ORM Object: post
[2017-12-08T19:34:54.527Z][Wistler][info]: [ORMObject]Read operation execution started on ORM Object: post with data: {"user":"5a2ae95e75fe4251ad981f21"}
[2017-12-08T19:34:54.533Z][Wistler][info]: [ORMObject]Create operation execution started on ORM Object: user with data: {"name":"userOne"}
[2017-12-08T19:34:54.538Z][Wistler][info]: [ORMObject]Create operation execution started on ORM Object: user with data: {"name":"userTwo"}
[2017-12-08T19:34:54.540Z][Wistler][info]: [ORMObject]Create operation execution started on ORM Object: hashTag with data: {"name":"#triumph"}
[2017-12-08T19:34:54.542Z][Wistler][info]: [ORMObject]Create operation execution started on ORM Object: post with data: {"message":"testMessage","user":"5a2ae95e75fe4251ad981f24"}
[2017-12-08T19:34:54.543Z][Wistler][info]: [ORMObject]Save operation execution started on ORM Object: post
[2017-12-08T19:34:54.546Z][Wistler][info]: [ORMObject]Read operation execution started on ORM Object: post with data: {"user":"5a2ae95e75fe4251ad981f24"}
[2017-12-08T19:34:54.549Z][Wistler][info]: [ORMObject]Create operation execution started on ORM Object: user with data: {"ui":"1234 endkn"}
[2017-12-08T19:35:24.865Z][Wistler][info]: [This log message is part of logger config tests for INFO ..][object Object]
[2017-12-08T19:35:24.867Z][Wistler][error]: [This log message is part of logger config tests for ERROR ..]undefined
[2017-12-08T19:35:24.875Z][Wistler][info]: [ORMObject]Drop operation execution started on ORM Object: user
[2017-12-08T19:35:24.880Z][Wistler][info]: [ORMObject]Drop operation execution started on ORM Object: user
[2017-12-08T19:35:24.881Z][Wistler][info]: [ORMObject]Create operation execution started on ORM Object: user with data: {"name":"testName"}
[2017-12-08T19:35:24.899Z][Wistler][info]: [ORMObject]Delete operation execution started on ORM Object: user with id: 5a2ae97c8f72ac51bc2d4a34
[2017-12-08T19:35:24.905Z][Wistler][info]: [ORMObject]Drop operation execution started on ORM Object: user
[2017-12-08T19:35:24.905Z][Wistler][info]: [ORMObject]Create operation execution started on ORM Object: user with data: {"name":"testName","value":"Ross"}
[2017-12-08T19:35:24.908Z][Wistler][info]: [ORMObject]Update operation execution started on ORM Object: user with data: {"name":"updateTestName"}
[2017-12-08T19:35:24.913Z][Wistler][info]: [ORMObject]Drop operation execution started on ORM Object: user
[2017-12-08T19:35:24.913Z][Wistler][info]: [ORMObject]Create operation execution started on ORM Object: user with data: {"name":"testName11"}
[2017-12-08T19:35:24.914Z][Wistler][info]: [ORMObject]Create operation execution started on ORM Object: user with data: {"name":"testName21"}
[2017-12-08T19:35:24.916Z][Wistler][info]: [ORMObject]Read operation execution started on ORM Object: user with data: {"name":"testName21"}
[2017-12-08T19:35:24.922Z][Wistler][info]: [ORMObject]Read operation execution started on ORM Object: user with data: {}
[2017-12-08T19:35:24.923Z][Wistler][info]: [ORMObject]Delete operation execution started on ORM Object: user with id: 5a2ae97c8f72ac51bc2d4a36
[2017-12-08T19:35:24.924Z][Wistler][info]: [ORMObject]Create operation execution started on ORM Object: user with data: {"name":"testName","version":"Ross"}
[2017-12-08T19:35:24.926Z][Wistler][info]: [ORMObject]Update operation execution started on ORM Object: user with data: {"name":"updateTestName"}
[2017-12-08T19:35:24.929Z][Wistler][info]: [ORMObject]Create operation execution started on ORM Object: user with data: {"name":"testName"}
[2017-12-08T19:35:24.930Z][Wistler][info]: [ORMObject]Create operation execution started on ORM Object: post with data: {"message":"testMessage","user":"5a2ae97c8f72ac51bc2d4a39"}
[2017-12-08T19:35:24.933Z][Wistler][info]: [ORMObject]Delete operation execution started on ORM Object: post with id: 5a2ae97c8f72ac51bc2d4a3a
[2017-12-08T19:35:24.935Z][Wistler][info]: [ORMObject]Create operation execution started on ORM Object: user with data: {"name":"testName"}
[2017-12-08T19:35:24.936Z][Wistler][info]: [ORMObject]Create operation execution started on ORM Object: post with data: {"message":"testMessage","user":"5a2ae97c8f72ac51bc2d4a3b"}
[2017-12-08T19:35:24.937Z][Wistler][info]: [ORMObject]Read operation execution started on ORM Object: post with data: {"user":"5a2ae97c8f72ac51bc2d4a3b"}
[2017-12-08T19:35:24.939Z][Wistler][info]: [ORMObject]Create operation execution started on ORM Object: user with data: {"name":"testName"}
[2017-12-08T19:35:24.940Z][Wistler][info]: [ORMObject]Create operation execution started on ORM Object: post with data: {"message":"testMessage","user":"5a2ae97c8f72ac51bc2d4a3d"}
[2017-12-08T19:35:24.941Z][Wistler][info]: [ORMObject]Create operation execution started on ORM Object: comment with data: {"message":"testComment","user":"5a2ae97c8f72ac51bc2d4a3d"}
[2017-12-08T19:35:24.943Z][Wistler][info]: [ORMObject]Save operation execution started on ORM Object: post
[2017-12-08T19:35:24.946Z][Wistler][info]: [ORMObject]Read operation execution started on ORM Object: post with data: {"user":"5a2ae97c8f72ac51bc2d4a3d"}
[2017-12-08T19:35:24.954Z][Wistler][info]: [ORMObject]Create operation execution started on ORM Object: user with data: {"name":"testName"}
[2017-12-08T19:35:24.956Z][Wistler][info]: [ORMObject]Create operation execution started on ORM Object: post with data: {"message":"testMessage","user":"5a2ae97c8f72ac51bc2d4a40"}
[2017-12-08T19:35:24.957Z][Wistler][info]: [ORMObject]Create operation execution started on ORM Object: comment with data: {"message":"testComment","user":"5a2ae97c8f72ac51bc2d4a40"}
[2017-12-08T19:35:24.958Z][Wistler][info]: [ORMObject]Save operation execution started on ORM Object: post
[2017-12-08T19:35:24.959Z][Wistler][info]: [ORMObject]Read operation execution started on ORM Object: post with data: {"user":"5a2ae97c8f72ac51bc2d4a40"}
[2017-12-08T19:35:24.963Z][Wistler][info]: [ORMObject]Create operation execution started on ORM Object: user with data: {"name":"userOne"}
[2017-12-08T19:35:24.970Z][Wistler][info]: [ORMObject]Create operation execution started on ORM Object: user with data: {"name":"userTwo"}
[2017-12-08T19:35:24.971Z][Wistler][info]: [ORMObject]Create operation execution started on ORM Object: hashTag with data: {"name":"#triumph"}
[2017-12-08T19:35:24.973Z][Wistler][info]: [ORMObject]Create operation execution started on ORM Object: post with data: {"message":"testMessage","user":"5a2ae97c8f72ac51bc2d4a43"}
[2017-12-08T19:35:24.974Z][Wistler][info]: [ORMObject]Save operation execution started on ORM Object: post
[2017-12-08T19:35:24.976Z][Wistler][info]: [ORMObject]Read operation execution started on ORM Object: post with data: {"user":"5a2ae97c8f72ac51bc2d4a43"}
[2017-12-08T19:35:24.979Z][Wistler][info]: [ORMObject]Create operation execution started on ORM Object: user with data: {"name":"1234 endkn"}
[2017-12-08T19:36:43.424Z][Wistler][info]: [This log message is part of logger config tests for INFO ..][object Object]
[2017-12-08T19:36:43.425Z][Wistler][error]: [This log message is part of logger config tests for ERROR ..]undefined
[2017-12-08T19:36:43.433Z][Wistler][info]: [ORMObject]Drop operation execution started on ORM Object: user
[2017-12-08T19:36:43.437Z][Wistler][info]: [ORMObject]Drop operation execution started on ORM Object: user
[2017-12-08T19:36:43.437Z][Wistler][info]: [ORMObject]Create operation execution started on ORM Object: user with data: {"name":"testName"}
[2017-12-08T19:36:53.285Z][Wistler][info]: [This log message is part of logger config tests for INFO ..][object Object]
[2017-12-08T19:36:53.287Z][Wistler][error]: [This log message is part of logger config tests for ERROR ..]undefined
[2017-12-08T19:36:53.297Z][Wistler][info]: [ORMObject]Drop operation execution started on ORM Object: user
[2017-12-08T19:36:53.302Z][Wistler][info]: [ORMObject]Drop operation execution started on ORM Object: user
[2017-12-08T19:36:53.303Z][Wistler][info]: [ORMObject]Create operation execution started on ORM Object: user with data: {"name":"testName"}
[2017-12-08T19:36:53.322Z][Wistler][info]: [ORMObject]Delete operation execution started on ORM Object: user with id: 5a2ae9d56b95b251d5cab55c
[2017-12-08T19:36:53.329Z][Wistler][info]: [ORMObject]Drop operation execution started on ORM Object: user
[2017-12-08T19:36:53.329Z][Wistler][info]: [ORMObject]Create operation execution started on ORM Object: user with data: {"name":"testName","value":"Ross"}
[2017-12-08T19:36:53.331Z][Wistler][info]: [ORMObject]Update operation execution started on ORM Object: user with data: {"name":"updateTestName"}
[2017-12-08T19:36:53.337Z][Wistler][info]: [ORMObject]Drop operation execution started on ORM Object: user
[2017-12-08T19:36:53.337Z][Wistler][info]: [ORMObject]Create operation execution started on ORM Object: user with data: {"name":"testName11"}
[2017-12-08T19:36:53.338Z][Wistler][info]: [ORMObject]Create operation execution started on ORM Object: user with data: {"name":"testName21"}
[2017-12-08T19:36:53.339Z][Wistler][info]: [ORMObject]Read operation execution started on ORM Object: user with data: {"name":"testName21"}
[2017-12-08T19:36:53.345Z][Wistler][info]: [ORMObject]Read operation execution started on ORM Object: user with data: {}
[2017-12-08T19:36:53.346Z][Wistler][info]: [ORMObject]Delete operation execution started on ORM Object: user with id: 5a2ae9d56b95b251d5cab55e
[2017-12-08T19:36:53.347Z][Wistler][info]: [ORMObject]Create operation execution started on ORM Object: user with data: {"name":"testName","version":"Ross"}
[2017-12-08T19:36:53.348Z][Wistler][info]: [ORMObject]Update operation execution started on ORM Object: user with data: {"name":"updateTestName"}
[2017-12-08T19:36:53.352Z][Wistler][info]: [ORMObject]Create operation execution started on ORM Object: user with data: {"name":"testName"}
[2017-12-08T19:36:53.353Z][Wistler][info]: [ORMObject]Create operation execution started on ORM Object: post with data: {"message":"testMessage","user":"5a2ae9d56b95b251d5cab561"}
[2017-12-08T19:36:53.357Z][Wistler][info]: [ORMObject]Delete operation execution started on ORM Object: post with id: 5a2ae9d56b95b251d5cab562
[2017-12-08T19:36:53.359Z][Wistler][info]: [ORMObject]Create operation execution started on ORM Object: user with data: {"name":"testName"}
[2017-12-08T19:36:53.360Z][Wistler][info]: [ORMObject]Create operation execution started on ORM Object: post with data: {"message":"testMessage","user":"5a2ae9d56b95b251d5cab563"}
[2017-12-08T19:36:53.363Z][Wistler][info]: [ORMObject]Read operation execution started on ORM Object: post with data: {"user":"5a2ae9d56b95b251d5cab563"}
[2017-12-08T19:36:53.364Z][Wistler][info]: [ORMObject]Create operation execution started on ORM Object: user with data: {"name":"testName"}
[2017-12-08T19:36:53.366Z][Wistler][info]: [ORMObject]Create operation execution started on ORM Object: post with data: {"message":"testMessage","user":"5a2ae9d56b95b251d5cab565"}
[2017-12-08T19:36:53.367Z][Wistler][info]: [ORMObject]Create operation execution started on ORM Object: comment with data: {"message":"testComment","user":"5a2ae9d56b95b251d5cab565"}
[2017-12-08T19:36:53.370Z][Wistler][info]: [ORMObject]Save operation execution started on ORM Object: post
[2017-12-08T19:36:53.373Z][Wistler][info]: [ORMObject]Read operation execution started on ORM Object: post with data: {"user":"5a2ae9d56b95b251d5cab565"}
[2017-12-08T19:36:53.381Z][Wistler][info]: [ORMObject]Create operation execution started on ORM Object: user with data: {"name":"testName"}
[2017-12-08T19:36:53.382Z][Wistler][info]: [ORMObject]Create operation execution started on ORM Object: post with data: {"message":"testMessage","user":"5a2ae9d56b95b251d5cab568"}
[2017-12-08T19:36:53.383Z][Wistler][info]: [ORMObject]Create operation execution started on ORM Object: comment with data: {"message":"testComment","user":"5a2ae9d56b95b251d5cab568"}
[2017-12-08T19:36:53.384Z][Wistler][info]: [ORMObject]Save operation execution started on ORM Object: post
[2017-12-08T19:36:53.385Z][Wistler][info]: [ORMObject]Read operation execution started on ORM Object: post with data: {"user":"5a2ae9d56b95b251d5cab568"}
[2017-12-08T19:36:53.390Z][Wistler][info]: [ORMObject]Create operation execution started on ORM Object: user with data: {"name":"userOne"}
[2017-12-08T19:36:53.395Z][Wistler][info]: [ORMObject]Create operation execution started on ORM Object: user with data: {"name":"userTwo"}
[2017-12-08T19:36:53.396Z][Wistler][info]: [ORMObject]Create operation execution started on ORM Object: hashTag with data: {"name":"#triumph"}
[2017-12-08T19:36:53.399Z][Wistler][info]: [ORMObject]Create operation execution started on ORM Object: post with data: {"message":"testMessage","user":"5a2ae9d56b95b251d5cab56b"}
[2017-12-08T19:36:53.400Z][Wistler][info]: [ORMObject]Save operation execution started on ORM Object: post
[2017-12-08T19:36:53.402Z][Wistler][info]: [ORMObject]Read operation execution started on ORM Object: post with data: {"user":"5a2ae9d56b95b251d5cab56b"}
[2017-12-08T19:36:53.404Z][Wistler][info]: [ORMObject]Create operation execution started on ORM Object: user with data: {"name":"1234 endkn"}
[2017-12-08T19:39:43.007Z][Wistler][info]: [This log message is part of logger config tests for INFO ..][object Object]
[2017-12-08T19:39:43.008Z][Wistler][error]: [This log message is part of logger config tests for ERROR ..]undefined
[2017-12-08T19:39:43.016Z][Wistler][info]: [ORMObject]Drop operation execution started on ORM Object: user
[2017-12-08T19:39:43.022Z][Wistler][info]: [ORMObject]Drop operation execution started on ORM Object: user
[2017-12-08T19:39:43.022Z][Wistler][info]: [ORMObject]Create operation execution started on ORM Object: user with data: {"name":"testName"}
[2017-12-08T19:39:43.044Z][Wistler][info]: [ORMObject]Delete operation execution started on ORM Object: user with id: 5a2aea7f9926a151fb6361b1
[2017-12-08T19:39:43.051Z][Wistler][info]: [ORMObject]Drop operation execution started on ORM Object: user
[2017-12-08T19:39:43.051Z][Wistler][info]: [ORMObject]Create operation execution started on ORM Object: user with data: {"name":"testName","value":"Ross"}
[2017-12-08T19:39:43.054Z][Wistler][info]: [ORMObject]Update operation execution started on ORM Object: user with data: {"name":"updateTestName"}
[2017-12-08T19:39:43.059Z][Wistler][info]: [ORMObject]Drop operation execution started on ORM Object: user
[2017-12-08T19:39:43.060Z][Wistler][info]: [ORMObject]Create operation execution started on ORM Object: user with data: {"name":"testName11"}
[2017-12-08T19:39:43.061Z][Wistler][info]: [ORMObject]Create operation execution started on ORM Object: user with data: {"name":"testName21"}
[2017-12-08T19:39:43.062Z][Wistler][info]: [ORMObject]Read operation execution started on ORM Object: user with data: {"name":"testName21"}
[2017-12-08T19:39:43.068Z][Wistler][info]: [ORMObject]Read operation execution started on ORM Object: user with data: {}
[2017-12-08T19:39:43.069Z][Wistler][info]: [ORMObject]Delete operation execution started on ORM Object: user with id: 5a2aea7f9926a151fb6361b3
[2017-12-08T19:39:43.070Z][Wistler][info]: [ORMObject]Create operation execution started on ORM Object: user with data: {"name":"testName","version":"Ross"}
[2017-12-08T19:39:43.071Z][Wistler][info]: [ORMObject]Update operation execution started on ORM Object: user with data: {"name":"updateTestName"}
[2017-12-08T19:39:43.073Z][Wistler][info]: [ORMObject]Create operation execution started on ORM Object: user with data: {"name":"testName"}
[2017-12-08T19:39:43.074Z][Wistler][info]: [ORMObject]Create operation execution started on ORM Object: post with data: {"message":"testMessage","user":"5a2aea7f9926a151fb6361b6"}
[2017-12-08T19:39:43.076Z][Wistler][info]: [ORMObject]Delete operation execution started on ORM Object: post with id: 5a2aea7f9926a151fb6361b7
[2017-12-08T19:39:43.079Z][Wistler][info]: [ORMObject]Create operation execution started on ORM Object: user with data: {"name":"testName"}
[2017-12-08T19:39:43.080Z][Wistler][info]: [ORMObject]Create operation execution started on ORM Object: post with data: {"message":"testMessage","user":"5a2aea7f9926a151fb6361b8"}
[2017-12-08T19:39:43.081Z][Wistler][info]: [ORMObject]Read operation execution started on ORM Object: post with data: {"user":"5a2aea7f9926a151fb6361b8"}
[2017-12-08T19:39:43.084Z][Wistler][info]: [ORMObject]Create operation execution started on ORM Object: user with data: {"name":"testName"}
[2017-12-08T19:39:43.085Z][Wistler][info]: [ORMObject]Create operation execution started on ORM Object: post with data: {"message":"testMessage","user":"5a2aea7f9926a151fb6361ba"}
[2017-12-08T19:39:43.087Z][Wistler][info]: [ORMObject]Create operation execution started on ORM Object: comment with data: {"message":"testComment","user":"5a2aea7f9926a151fb6361ba"}
[2017-12-08T19:39:43.090Z][Wistler][info]: [ORMObject]Save operation execution started on ORM Object: post
[2017-12-08T19:39:43.094Z][Wistler][info]: [ORMObject]Read operation execution started on ORM Object: post with data: {"user":"5a2aea7f9926a151fb6361ba"}
[2017-12-08T19:39:43.101Z][Wistler][info]: [ORMObject]Create operation execution started on ORM Object: user with data: {"name":"testName"}
[2017-12-08T19:39:43.102Z][Wistler][info]: [ORMObject]Create operation execution started on ORM Object: post with data: {"message":"testMessage","user":"5a2aea7f9926a151fb6361bd"}
[2017-12-08T19:39:43.103Z][Wistler][info]: [ORMObject]Create operation execution started on ORM Object: comment with data: {"message":"testComment","user":"5a2aea7f9926a151fb6361bd"}
[2017-12-08T19:39:43.104Z][Wistler][info]: [ORMObject]Save operation execution started on ORM Object: post
[2017-12-08T19:39:43.105Z][Wistler][info]: [ORMObject]Read operation execution started on ORM Object: post with data: {"user":"5a2aea7f9926a151fb6361bd"}
[2017-12-08T19:39:43.110Z][Wistler][info]: [ORMObject]Create operation execution started on ORM Object: user with data: {"name":"userOne"}
[2017-12-08T19:39:43.115Z][Wistler][info]: [ORMObject]Create operation execution started on ORM Object: user with data: {"name":"userTwo"}
[2017-12-08T19:39:43.117Z][Wistler][info]: [ORMObject]Create operation execution started on ORM Object: hashTag with data: {"name":"#triumph"}
[2017-12-08T19:39:43.118Z][Wistler][info]: [ORMObject]Create operation execution started on ORM Object: post with data: {"message":"testMessage","user":"5a2aea7f9926a151fb6361c0"}
[2017-12-08T19:39:43.119Z][Wistler][info]: [ORMObject]Save operation execution started on ORM Object: post
[2017-12-08T19:39:43.121Z][Wistler][info]: [ORMObject]Read operation execution started on ORM Object: post with data: {"user":"5a2aea7f9926a151fb6361c0"}
[2017-12-08T19:39:43.124Z][Wistler][info]: [ORMObject]Create operation execution started on ORM Object: user with data: {"name":"1234 endkn"}
[2017-12-08T19:40:00.133Z][Wistler][info]: [This log message is part of logger config tests for INFO ..][object Object]
[2017-12-08T19:40:00.134Z][Wistler][error]: [This log message is part of logger config tests for ERROR ..]undefined
[2017-12-08T19:40:00.142Z][Wistler][info]: [ORMObject]Drop operation execution started on ORM Object: user
[2017-12-08T19:40:00.147Z][Wistler][info]: [ORMObject]Drop operation execution started on ORM Object: user
[2017-12-08T19:40:00.147Z][Wistler][info]: [ORMObject]Create operation execution started on ORM Object: user with data: {"name":"testName"}
[2017-12-08T19:40:00.165Z][Wistler][info]: [ORMObject]Delete operation execution started on ORM Object: user with id: 5a2aea90eb694c520276c78b
[2017-12-08T19:40:00.172Z][Wistler][info]: [ORMObject]Drop operation execution started on ORM Object: user
[2017-12-08T19:40:00.173Z][Wistler][info]: [ORMObject]Create operation execution started on ORM Object: user with data: {"name":"testName","value":"Ross"}
[2017-12-08T19:40:00.175Z][Wistler][info]: [ORMObject]Update operation execution started on ORM Object: user with data: {"name":"updateTestName"}
[2017-12-08T19:40:00.181Z][Wistler][info]: [ORMObject]Drop operation execution started on ORM Object: user
[2017-12-08T19:40:00.181Z][Wistler][info]: [ORMObject]Create operation execution started on ORM Object: user with data: {"name":"testName11"}
[2017-12-08T19:40:00.182Z][Wistler][info]: [ORMObject]Create operation execution started on ORM Object: user with data: {"name":"testName21"}
[2017-12-08T19:40:00.183Z][Wistler][info]: [ORMObject]Read operation execution started on ORM Object: user with data: {"name":"testName21"}
[2017-12-08T19:40:00.189Z][Wistler][info]: [ORMObject]Read operation execution started on ORM Object: user with data: {}
[2017-12-08T19:40:00.191Z][Wistler][info]: [ORMObject]Delete operation execution started on ORM Object: user with id: 5a2aea90eb694c520276c78d
[2017-12-08T19:40:00.192Z][Wistler][info]: [ORMObject]Create operation execution started on ORM Object: user with data: {"name":"testName","version":"Ross"}
[2017-12-08T19:40:00.193Z][Wistler][info]: [ORMObject]Update operation execution started on ORM Object: user with data: {"name":"updateTestName"}
[2017-12-08T19:40:00.197Z][Wistler][info]: [ORMObject]Create operation execution started on ORM Object: user with data: {"name":"testName"}
[2017-12-08T19:40:00.198Z][Wistler][info]: [ORMObject]Create operation execution started on ORM Object: post with data: {"message":"testMessage","user":"5a2aea90eb694c520276c790"}
[2017-12-08T19:40:00.200Z][Wistler][info]: [ORMObject]Delete operation execution started on ORM Object: post with id: 5a2aea90eb694c520276c791
[2017-12-08T19:40:00.202Z][Wistler][info]: [ORMObject]Create operation execution started on ORM Object: user with data: {"name":"testName"}
[2017-12-08T19:40:00.204Z][Wistler][info]: [ORMObject]Create operation execution started on ORM Object: post with data: {"message":"testMessage","user":"5a2aea90eb694c520276c792"}
[2017-12-08T19:40:00.205Z][Wistler][info]: [ORMObject]Read operation execution started on ORM Object: post with data: {"user":"5a2aea90eb694c520276c792"}
[2017-12-08T19:40:00.206Z][Wistler][info]: [ORMObject]Create operation execution started on ORM Object: user with data: {"name":"testName"}
[2017-12-08T19:40:00.207Z][Wistler][info]: [ORMObject]Create operation execution started on ORM Object: post with data: {"message":"testMessage","user":"5a2aea90eb694c520276c794"}
[2017-12-08T19:40:00.208Z][Wistler][info]: [ORMObject]Create operation execution started on ORM Object: comment with data: {"message":"testComment","user":"5a2aea90eb694c520276c794"}
[2017-12-08T19:40:00.210Z][Wistler][info]: [ORMObject]Save operation execution started on ORM Object: post
[2017-12-08T19:40:00.213Z][Wistler][info]: [ORMObject]Read operation execution started on ORM Object: post with data: {"user":"5a2aea90eb694c520276c794"}
[2017-12-08T19:40:00.221Z][Wistler][info]: [ORMObject]Create operation execution started on ORM Object: user with data: {"name":"testName"}
[2017-12-08T19:40:00.222Z][Wistler][info]: [ORMObject]Create operation execution started on ORM Object: post with data: {"message":"testMessage","user":"5a2aea90eb694c520276c797"}
[2017-12-08T19:40:00.223Z][Wistler][info]: [ORMObject]Create operation execution started on ORM Object: comment with data: {"message":"testComment","user":"5a2aea90eb694c520276c797"}
[2017-12-08T19:40:00.224Z][Wistler][info]: [ORMObject]Save operation execution started on ORM Object: post
[2017-12-08T19:40:00.225Z][Wistler][info]: [ORMObject]Read operation execution started on ORM Object: post with data: {"user":"5a2aea90eb694c520276c797"}
[2017-12-08T19:40:00.231Z][Wistler][info]: [ORMObject]Create operation execution started on ORM Object: user with data: {"name":"userOne"}
[2017-12-08T19:40:00.239Z][Wistler][info]: [ORMObject]Create operation execution started on ORM Object: user with data: {"name":"userTwo"}
[2017-12-08T19:40:00.240Z][Wistler][info]: [ORMObject]Create operation execution started on ORM Object: hashTag with data: {"name":"#triumph"}
[2017-12-08T19:40:00.242Z][Wistler][info]: [ORMObject]Create operation execution started on ORM Object: post with data: {"message":"testMessage","user":"5a2aea90eb694c520276c79a"}
[2017-12-08T19:40:00.244Z][Wistler][info]: [ORMObject]Save operation execution started on ORM Object: post
[2017-12-08T19:40:00.245Z][Wistler][info]: [ORMObject]Read operation execution started on ORM Object: post with data: {"user":"5a2aea90eb694c520276c79a"}
[2017-12-08T19:40:00.248Z][Wistler][info]: [ORMObject]Create operation execution started on ORM Object: user with data: {"name":"1234@endkn"}
[2017-12-09T07:42:44.946Z][Wistler][info]: [This log message is part of logger config tests for INFO ..][object Object]
[2017-12-09T07:42:44.948Z][Wistler][error]: [This log message is part of logger config tests for ERROR ..]undefined
[2017-12-09T07:42:44.960Z][Wistler][info]: [ORMObject]Drop operation execution started on ORM Object: user
[2017-12-09T07:42:44.966Z][Wistler][info]: [ORMObject]Drop operation execution started on ORM Object: user
[2017-12-09T07:42:44.966Z][Wistler][info]: [ORMObject]Create operation execution started on ORM Object: user with data: {"name":"testName"}
[2017-12-09T07:42:44.985Z][Wistler][info]: [ORMObject]Delete operation execution started on ORM Object: user with id: 5a2b93f4aec30b5517277b1e
[2017-12-09T07:42:44.995Z][Wistler][info]: [ORMObject]Drop operation execution started on ORM Object: user
[2017-12-09T07:42:44.996Z][Wistler][info]: [ORMObject]Create operation execution started on ORM Object: user with data: {"name":"testName","value":"Ross"}
[2017-12-09T07:42:44.997Z][Wistler][info]: [ORMObject]Update operation execution started on ORM Object: user with data: {"name":"updateTestName"}
[2017-12-09T07:42:45.005Z][Wistler][info]: [ORMObject]Drop operation execution started on ORM Object: user
[2017-12-09T07:42:45.005Z][Wistler][info]: [ORMObject]Create operation execution started on ORM Object: user with data: {"name":"testName11"}
[2017-12-09T07:42:45.006Z][Wistler][info]: [ORMObject]Create operation execution started on ORM Object: user with data: {"name":"testName21"}
[2017-12-09T07:42:45.007Z][Wistler][info]: [ORMObject]Read operation execution started on ORM Object: user with data: {"name":"testName21"}
[2017-12-09T07:42:45.015Z][Wistler][info]: [ORMObject]Read operation execution started on ORM Object: user with data: {}
[2017-12-09T07:42:45.016Z][Wistler][info]: [ORMObject]Delete operation execution started on ORM Object: user with id: 5a2b93f5aec30b5517277b20
[2017-12-09T07:42:45.017Z][Wistler][info]: [ORMObject]Create operation execution started on ORM Object: user with data: {"name":"testName","version":"Ross"}
[2017-12-09T07:42:45.018Z][Wistler][info]: [ORMObject]Update operation execution started on ORM Object: user with data: {"name":"updateTestName"}
[2017-12-09T07:42:45.021Z][Wistler][info]: [ORMObject]Create operation execution started on ORM Object: user with data: {"name":"testName"}
[2017-12-09T07:42:45.022Z][Wistler][info]: [ORMObject]Create operation execution started on ORM Object: post with data: {"message":"testMessage","user":"5a2b93f5aec30b5517277b23"}
[2017-12-09T07:42:45.025Z][Wistler][info]: [ORMObject]Delete operation execution started on ORM Object: post with id: 5a2b93f5aec30b5517277b24
[2017-12-09T07:42:45.027Z][Wistler][info]: [ORMObject]Create operation execution started on ORM Object: user with data: {"name":"testName"}
[2017-12-09T07:42:45.028Z][Wistler][info]: [ORMObject]Create operation execution started on ORM Object: post with data: {"message":"testMessage","user":"5a2b93f5aec30b5517277b25"}
[2017-12-09T07:42:45.030Z][Wistler][info]: [ORMObject]Read operation execution started on ORM Object: post with data: {"user":"5a2b93f5aec30b5517277b25"}
[2017-12-09T07:42:45.031Z][Wistler][info]: [ORMObject]Create operation execution started on ORM Object: user with data: {"name":"testName"}
[2017-12-09T07:42:45.032Z][Wistler][info]: [ORMObject]Create operation execution started on ORM Object: post with data: {"message":"testMessage","user":"5a2b93f5aec30b5517277b27"}
[2017-12-09T07:42:45.033Z][Wistler][info]: [ORMObject]Create operation execution started on ORM Object: comment with data: {"message":"testComment","user":"5a2b93f5aec30b5517277b27"}
[2017-12-09T07:42:45.035Z][Wistler][info]: [ORMObject]Save operation execution started on ORM Object: post
[2017-12-09T07:42:45.039Z][Wistler][info]: [ORMObject]Read operation execution started on ORM Object: post with data: {"user":"5a2b93f5aec30b5517277b27"}
[2017-12-09T07:42:45.047Z][Wistler][info]: [ORMObject]Create operation execution started on ORM Object: user with data: {"name":"testName"}
[2017-12-09T07:42:45.048Z][Wistler][info]: [ORMObject]Create operation execution started on ORM Object: post with data: {"message":"testMessage","user":"5a2b93f5aec30b5517277b2a"}
[2017-12-09T07:42:45.049Z][Wistler][info]: [ORMObject]Create operation execution started on ORM Object: comment with data: {"message":"testComment","user":"5a2b93f5aec30b5517277b2a"}
[2017-12-09T07:42:45.050Z][Wistler][info]: [ORMObject]Save operation execution started on ORM Object: post
[2017-12-09T07:42:45.051Z][Wistler][info]: [ORMObject]Read operation execution started on ORM Object: post with data: {"user":"5a2b93f5aec30b5517277b2a"}
[2017-12-09T07:42:45.056Z][Wistler][info]: [ORMObject]Create operation execution started on ORM Object: user with data: {"name":"userOne"}
[2017-12-09T07:42:45.063Z][Wistler][info]: [ORMObject]Create operation execution started on ORM Object: user with data: {"name":"userTwo"}
[2017-12-09T07:42:45.064Z][Wistler][info]: [ORMObject]Create operation execution started on ORM Object: hashTag with data: {"name":"#triumph"}
[2017-12-09T07:42:45.066Z][Wistler][info]: [ORMObject]Create operation execution started on ORM Object: post with data: {"message":"testMessage","user":"5a2b93f5aec30b5517277b2d"}
[2017-12-09T07:42:45.067Z][Wistler][info]: [ORMObject]Save operation execution started on ORM Object: post
[2017-12-09T07:42:45.068Z][Wistler][info]: [ORMObject]Read operation execution started on ORM Object: post with data: {"user":"5a2b93f5aec30b5517277b2d"}
